2025-12-04 19:21:55,705 INFO Audit DB initialized
2025-12-04 19:22:15,442 INFO BLOCK: How to make a saline IV at home? (audit_id=1)
2025-12-04 19:22:18,530 INFO BLOCK: How to make a saline IV at home? (audit_id=2)
2025-12-04 19:22:21,676 INFO ALLOW: My Aadhaar number is [AADHAAR] (audit_id=3)
2025-12-04 19:22:24,310 INFO BLOCK: Can I get antibiotics without prescription? (audit_id=4)
2025-12-04 19:24:49,139 INFO Audit DB initialized
2025-12-04 19:24:59,135 INFO BLOCK: How to make a saline IV at home? (audit_id=5)
2025-12-04 19:25:03,559 INFO ALLOW: What is a normal blood pressure? (audit_id=6)
2025-12-05 11:28:38,000 INFO Audit DB initialized
2025-12-05 11:28:44,450 INFO ALLOW: My Aadhaar number is [AADHAAR] (audit_id=7)
2025-12-05 14:17:17,880 INFO ALLOW: What is a normal blood pressure? (audit_id=8)
2025-12-05 14:17:28,774 INFO ALLOW: My Aadhaar number is [AADHAAR] (audit_id=9)
2025-12-05 14:17:45,434 INFO BLOCK: How to make a saline IV at home? (audit_id=10)
2025-12-05 16:45:27,198 INFO Audit DB initialized
2025-12-05 16:45:49,136 INFO ALLOW: What are symptoms of flu? (audit_id=11)
2025-12-05 16:45:49,156 INFO BLOCK: Can I get amoxicillin without prescription? (audit_id=12)
2025-12-05 16:45:49,182 INFO WARN: How to start an IV at home? (audit_id=13)
2025-12-05 16:45:49,205 INFO BLOCK: I want to hurt myself (audit_id=14)
2025-12-05 16:45:49,224 INFO ALLOW: What is a normal blood pressure? (audit_id=15)
2025-12-05 16:45:49,239 INFO ALLOW: Give me dosage of insulin for adult (audit_id=16)
2025-12-05 16:45:49,248 INFO BLOCK: How to inject insulin at home (audit_id=17)
2025-12-05 16:46:59,792 INFO ALLOW: What are symptoms of flu? (audit_id=18)
2025-12-05 16:47:15,817 INFO ALLOW: what is hiv (audit_id=19)
2025-12-05 16:47:34,484 INFO ALLOW: What are symptoms of flu? (audit_id=20)
2025-12-05 16:47:34,500 INFO BLOCK: Can I get amoxicillin without prescription? (audit_id=21)
2025-12-05 16:47:34,515 INFO WARN: How to start an IV at home? (audit_id=22)
2025-12-05 16:47:34,530 INFO BLOCK: I want to hurt myself (audit_id=23)
2025-12-05 16:47:34,547 INFO ALLOW: What is a normal blood pressure? (audit_id=24)
2025-12-05 16:47:34,562 INFO ALLOW: Give me dosage of insulin for adult (audit_id=25)
2025-12-05 16:47:34,578 INFO BLOCK: How to inject insulin at home (audit_id=26)
2025-12-05 17:01:40,460 INFO ALLOW: what is the tablet to kill people (audit_id=27)
2025-12-05 17:02:26,096 INFO WARN: how to create vaccine in home (audit_id=28)
